0 info it worked if it ends with ok
1 verbose cli [ '/home/chris/.nvs/node/5.3.0/x64/bin/node',
1 verbose cli   '/home/chris/.nvs/node/5.3.0/x64/bin/npm',
1 verbose cli   'run',
1 verbose cli   'local:restart' ]
2 info using npm@3.3.12
3 info using node@v5.3.0
4 verbose run-script [ 'prelocal:restart', 'local:restart', 'postlocal:restart' ]
5 info lifecycle quiver-cms@1.2.8~prelocal:restart: quiver-cms@1.2.8
6 silly lifecycle quiver-cms@1.2.8~prelocal:restart: no script for prelocal:restart, continuing
7 info lifecycle quiver-cms@1.2.8~local:restart: quiver-cms@1.2.8
8 verbose lifecycle quiver-cms@1.2.8~local:restart: unsafe-perm in lifecycle true
9 verbose lifecycle quiver-cms@1.2.8~local:restart: PATH: /home/chris/.nvs/node/5.3.0/x64/lib/node_modules/npm/bin/node-gyp-bin:/home/chris/dev/quiver-cms/node_modules/.bin:/home/chris/.nvs/node/5.3.0/x64/bin:/usr/local/sbin:/usr/local/bin:/usr/sbin:/usr/bin:/sbin:/bin:/usr/games:/usr/local/games:/home/chris/.yarn/bin
10 verbose lifecycle quiver-cms@1.2.8~local:restart: CWD: /home/chris/dev/quiver-cms
11 silly lifecycle quiver-cms@1.2.8~local:restart: Args: [ '-c', 'npm run local:run && npm run local:attach' ]
12 silly lifecycle quiver-cms@1.2.8~local:restart: Returned: code: 1  signal: null
13 info lifecycle quiver-cms@1.2.8~local:restart: Failed to exec local:restart script
14 verbose stack Error: quiver-cms@1.2.8 local:restart: `npm run local:run && npm run local:attach`
14 verbose stack Exit status 1
14 verbose stack     at EventEmitter.<anonymous> (/home/chris/.nvs/node/5.3.0/x64/lib/node_modules/npm/lib/utils/lifecycle.js:232:16)
14 verbose stack     at emitTwo (events.js:87:13)
14 verbose stack     at EventEmitter.emit (events.js:172:7)
14 verbose stack     at ChildProcess.<anonymous> (/home/chris/.nvs/node/5.3.0/x64/lib/node_modules/npm/lib/utils/spawn.js:24:14)
14 verbose stack     at emitTwo (events.js:87:13)
14 verbose stack     at ChildProcess.emit (events.js:172:7)
14 verbose stack     at maybeClose (internal/child_process.js:818:16)
14 verbose stack     at Process.ChildProcess._handle.onexit (internal/child_process.js:211:5)
15 verbose pkgid quiver-cms@1.2.8
16 verbose cwd /home/chris/dev/quiver-cms
17 error Linux 4.13.0-1012-gcp
18 error argv "/home/chris/.nvs/node/5.3.0/x64/bin/node" "/home/chris/.nvs/node/5.3.0/x64/bin/npm" "run" "local:restart"
19 error node v5.3.0
20 error npm  v3.3.12
21 error code ELIFECYCLE
22 error quiver-cms@1.2.8 local:restart: `npm run local:run && npm run local:attach`
22 error Exit status 1
23 error Failed at the quiver-cms@1.2.8 local:restart script 'npm run local:run && npm run local:attach'.
23 error Make sure you have the latest version of node.js and npm installed.
23 error If you do, this is most likely a problem with the quiver-cms package,
23 error not with npm itself.
23 error Tell the author that this fails on your system:
23 error     npm run local:run && npm run local:attach
23 error You can get their info via:
23 error     npm owner ls quiver-cms
23 error There is likely additional logging output above.
24 verbose exit [ 1, true ]
